<?xml version="1.0" encoding="UTF-8"?>
<testsuite xmlns:xsi="http://www.w3.org/2001/XMLSchema-instance" xsi:noNamespaceSchemaLocation="https://maven.apache.org/surefire/maven-surefire-plugin/xsd/surefire-test-report-3.0.xsd" version="3.0" name="telran.strings.RegularExpressionsTest" time="0.075" tests="11" errors="0" skipped="0" failures="0">
  <properties>
[...]
</properties>
  <testcase name="stringWithJavaNamesTest" classname="telran.strings.RegularExpressionsTest" time="0.036"/>
  <testcase name="isArithmeticExpressionTrueTest" classname="telran.strings.RegularExpressionsTest" time="0.003"/>
  <testcase name="ipV4OctetFalseTest" classname="telran.strings.RegularExpressionsTest" time="0.002"/>
  <testcase name="ipV4AddressFalseTest" classname="telran.strings.RegularExpressionsTest" time="0.002"/>
  <testcase name="ipV4OctetTrueTest" classname="telran.strings.RegularExpressionsTest" time="0.001"/>
  <testcase name="isArithmeticExpressionFalseTest" classname="telran.strings.RegularExpressionsTest" time="0.002"/>
  <testcase name="javaVariableFalseTest" classname="telran.strings.RegularExpressionsTest" time="0.001"/>
  <testcase name="javaVariableTrueTest" classname="telran.strings.RegularExpressionsTest" time="0.0"/>
  <testcase name="number0_300TrueTest" classname="telran.strings.RegularExpressionsTest" time="0.001"/>
  <testcase name="number0_300FalseTest" classname="telran.strings.RegularExpressionsTest" time="0.001"/>
  <testcase name="ipV4AddressTrueTest" classname="telran.strings.RegularExpressionsTest" time="0.002"/>
</testsuite>